The selected pid for the process w3wp is 12732
Collecting the sample number  : 0
=============================================================================================================
There are18threads in thew3wp process
=============================================================================================================

There are 0  items in the stack for current thread 
There are 1  items in the stack for current thread 
There are 0  items in the stack for current thread 
There are 0  items in the stack for current thread 
There are 0  items in the stack for current thread 
There are 0  items in the stack for current thread 
There are 0  items in the stack for current thread 
There are 0  items in the stack for current thread 
There are 0  items in the stack for current thread 
There are 0  items in the stack for current thread 
There are 0  items in the stack for current thread 
There are 0  items in the stack for current thread 
There are 0  items in the stack for current thread 
There are 0  items in the stack for current thread 
There are 0  items in the stack for current thread 
There are 0  items in the stack for current thread 
There are 24  items in the stack for current thread 
There are 0  items in the stack for current thread 
Collecting the sample number  : 1
=============================================================================================================
There are18threads in thew3wp process
=============================================================================================================

There are 0  items in the stack for current thread 
There are 1  items in the stack for current thread 
There are 0  items in the stack for current thread 
There are 0  items in the stack for current thread 
There are 0  items in the stack for current thread 
There are 0  items in the stack for current thread 
There are 0  items in the stack for current thread 
There are 0  items in the stack for current thread 
There are 0  items in the stack for current thread 
There are 0  items in the stack for current thread 
There are 0  items in the stack for current thread 
There are 0  items in the stack for current thread 
There are 0  items in the stack for current thread 
There are 0  items in the stack for current thread 
There are 0  items in the stack for current thread 
There are 0  items in the stack for current thread 
There are 24  items in the stack for current thread 
There are 0  items in the stack for current thread 
Collecting the sample number  : 2
=============================================================================================================
There are18threads in thew3wp process
=============================================================================================================

There are 0  items in the stack for current thread 
There are 1  items in the stack for current thread 
There are 0  items in the stack for current thread 
There are 0  items in the stack for current thread 
There are 0  items in the stack for current thread 
There are 0  items in the stack for current thread 
There are 0  items in the stack for current thread 
There are 0  items in the stack for current thread 
There are 0  items in the stack for current thread 
There are 0  items in the stack for current thread 
There are 0  items in the stack for current thread 
There are 0  items in the stack for current thread 
There are 0  items in the stack for current thread 
There are 0  items in the stack for current thread 
There are 0  items in the stack for current thread 
There are 0  items in the stack for current thread 
There are 24  items in the stack for current thread 
There are 0  items in the stack for current thread 
Collecting the sample number  : 3
=============================================================================================================
There are18threads in thew3wp process
=============================================================================================================

There are 0  items in the stack for current thread 
There are 1  items in the stack for current thread 
There are 0  items in the stack for current thread 
There are 0  items in the stack for current thread 
There are 0  items in the stack for current thread 
There are 0  items in the stack for current thread 
There are 0  items in the stack for current thread 
There are 0  items in the stack for current thread 
There are 0  items in the stack for current thread 
There are 0  items in the stack for current thread 
There are 0  items in the stack for current thread 
There are 0  items in the stack for current thread 
There are 0  items in the stack for current thread 
There are 0  items in the stack for current thread 
There are 0  items in the stack for current thread 
There are 0  items in the stack for current thread 
There are 24  items in the stack for current thread 
There are 0  items in the stack for current thread 
Collecting the sample number  : 4
=============================================================================================================
There are18threads in thew3wp process
=============================================================================================================

There are 0  items in the stack for current thread 
There are 1  items in the stack for current thread 
There are 0  items in the stack for current thread 
There are 0  items in the stack for current thread 
There are 0  items in the stack for current thread 
There are 0  items in the stack for current thread 
There are 0  items in the stack for current thread 
There are 0  items in the stack for current thread 
There are 0  items in the stack for current thread 
There are 0  items in the stack for current thread 
There are 0  items in the stack for current thread 
There are 0  items in the stack for current thread 
There are 0  items in the stack for current thread 
There are 0  items in the stack for current thread 
There are 0  items in the stack for current thread 
There are 0  items in the stack for current thread 
There are 24  items in the stack for current thread 
There are 0  items in the stack for current thread 
Collecting the sample number  : 5
=============================================================================================================
There are18threads in thew3wp process
=============================================================================================================

There are 0  items in the stack for current thread 
There are 1  items in the stack for current thread 
There are 0  items in the stack for current thread 
There are 0  items in the stack for current thread 
There are 0  items in the stack for current thread 
There are 0  items in the stack for current thread 
There are 0  items in the stack for current thread 
There are 0  items in the stack for current thread 
There are 0  items in the stack for current thread 
There are 0  items in the stack for current thread 
There are 0  items in the stack for current thread 
There are 0  items in the stack for current thread 
There are 0  items in the stack for current thread 
There are 0  items in the stack for current thread 
There are 0  items in the stack for current thread 
There are 0  items in the stack for current thread 
There are 25  items in the stack for current thread 
There are 0  items in the stack for current thread 
Collecting the sample number  : 6
=============================================================================================================
There are18threads in thew3wp process
=============================================================================================================

There are 0  items in the stack for current thread 
There are 1  items in the stack for current thread 
There are 0  items in the stack for current thread 
There are 0  items in the stack for current thread 
There are 0  items in the stack for current thread 
There are 0  items in the stack for current thread 
There are 0  items in the stack for current thread 
There are 0  items in the stack for current thread 
There are 0  items in the stack for current thread 
There are 0  items in the stack for current thread 
There are 0  items in the stack for current thread 
There are 0  items in the stack for current thread 
There are 0  items in the stack for current thread 
There are 0  items in the stack for current thread 
There are 0  items in the stack for current thread 
There are 0  items in the stack for current thread 
There are 27  items in the stack for current thread 
There are 0  items in the stack for current thread 
Collecting the sample number  : 7
=============================================================================================================
There are18threads in thew3wp process
=============================================================================================================

There are 0  items in the stack for current thread 
There are 1  items in the stack for current thread 
There are 0  items in the stack for current thread 
There are 0  items in the stack for current thread 
There are 0  items in the stack for current thread 
There are 0  items in the stack for current thread 
There are 0  items in the stack for current thread 
There are 0  items in the stack for current thread 
There are 0  items in the stack for current thread 
There are 0  items in the stack for current thread 
There are 0  items in the stack for current thread 
There are 0  items in the stack for current thread 
There are 0  items in the stack for current thread 
There are 0  items in the stack for current thread 
There are 0  items in the stack for current thread 
There are 0  items in the stack for current thread 
There are 29  items in the stack for current thread 
There are 0  items in the stack for current thread 
Collecting the sample number  : 8
=============================================================================================================
There are18threads in thew3wp process
=============================================================================================================

There are 0  items in the stack for current thread 
There are 1  items in the stack for current thread 
There are 0  items in the stack for current thread 
There are 0  items in the stack for current thread 
There are 0  items in the stack for current thread 
There are 0  items in the stack for current thread 
There are 0  items in the stack for current thread 
There are 0  items in the stack for current thread 
There are 0  items in the stack for current thread 
There are 0  items in the stack for current thread 
There are 0  items in the stack for current thread 
There are 0  items in the stack for current thread 
There are 0  items in the stack for current thread 
There are 0  items in the stack for current thread 
There are 0  items in the stack for current thread 
There are 0  items in the stack for current thread 
There are 31  items in the stack for current thread 
There are 0  items in the stack for current thread 
Collecting the sample number  : 9
=============================================================================================================
There are18threads in thew3wp process
=============================================================================================================

There are 0  items in the stack for current thread 
There are 1  items in the stack for current thread 
There are 0  items in the stack for current thread 
There are 0  items in the stack for current thread 
There are 0  items in the stack for current thread 
There are 0  items in the stack for current thread 
There are 0  items in the stack for current thread 
There are 0  items in the stack for current thread 
There are 0  items in the stack for current thread 
There are 0  items in the stack for current thread 
There are 0  items in the stack for current thread 
There are 0  items in the stack for current thread 
There are 0  items in the stack for current thread 
There are 0  items in the stack for current thread 
There are 0  items in the stack for current thread 
There are 0  items in the stack for current thread 
There are 0  items in the stack for current thread 
There are 0  items in the stack for current thread 

